<?xml version="1.0" encoding="UTF-8"?>
<testsuite xmlns:xsi="http://www.w3.org/2001/XMLSchema-instance" xsi:noNamespaceSchemaLocation="https://maven.apache.org/surefire/maven-surefire-plugin/xsd/surefire-test-report-3.0.xsd" version="3.0" name="TestSuite" time="246.456" tests="18" errors="0" skipped="0" failures="3">
  <properties>
[...]
</properties>
  <testcase name="firstPartOfLoginSceeenControl" classname="enuygunautomation.tests.loginpage.LoginScreen" time="6.486">
    <system-out><![CDATA[&amp#27;[33mIgnoring duplicate listener : io.qameta.allure.testng.AllureTestNg 2025-09-10 11:19:37 WARN  [TestNG.java]
&amp#27;[m&amp#27;[33mIgnoring duplicate listener : io.qameta.allure.testng.AllureTestNg 2025-09-10 11:19:37 WARN  [TestNG.java]
&amp#27;[m&amp#27;[33mIgnoring duplicate listener : io.qameta.allure.testng.AllureTestNg 2025-09-10 11:19:37 WARN  [TestNG.java]
&amp#27;[m&amp#27;[32m'Tüm seyahatin tek uygulamada' yazısı bekleniyor.            2025-09-10 11:19:45 INFO  [WellcomeSlidesScreen.java]
&amp#27;[m&amp#27;[32m'Tüm seyahatin tek uygulamada' yazısı görüldü.               2025-09-10 11:19:49 INFO  [WellcomeSlidesScreen.java]
&amp#27;[m&amp#27;[32mAçılış slaytı kapatma butonu görüldü.                        2025-09-10 11:19:49 INFO  [WellcomeSlidesScreen.java]
&amp#27;[m&amp#27;[32mAçılış slaytı kapatma butonuna tıklandı.                     2025-09-10 11:19:49 INFO  [WellcomeSlidesScreen.java]
&amp#27;[m&amp#27;[32mENUYGUN logosu görünene kadar bekleniyor.                    2025-09-10 11:19:49 INFO  [WellcomeSlidesScreen.java]
&amp#27;[m&amp#27;[32mENUYGUN logosu göründü.                                      2025-09-10 11:19:51 INFO  [WellcomeSlidesScreen.java]
&amp#27;[m&amp#27;[32m'Giriş yap' menü butonunun seçili olduğu kontrol ediliyor.   2025-09-10 11:19:51 INFO  [WellcomeSlidesScreen.java]
&amp#27;[m&amp#27;[32m'Giriş yap' menü butonunun seçili olduğu görüldü.            2025-09-10 11:19:51 INFO  [WellcomeSlidesScreen.java]
&amp#27;[m]]></system-out>
  </testcase>
  <testcase name="secondPartOfLoginSceeenControl" classname="enuygunautomation.tests.loginpage.LoginScreen" time="6.547">
    <system-out><![CDATA[&amp#27;[32mTest sonlandı.                                               2025-09-10 11:19:51 INFO  [WellcomeSlidesScreen.java]
&amp#27;[m&amp#27;[32m'Tüm seyahatin tek uygulamada' yazısı bekleniyor.            2025-09-10 11:19:55 INFO  [WellcomeSlidesScreen.java]
&amp#27;[m&amp#27;[32m'Tüm seyahatin tek uygulamada' yazısı görüldü.               2025-09-10 11:19:59 INFO  [WellcomeSlidesScreen.java]
&amp#27;[m&amp#27;[32mAçılış slaytı kapatma butonu görüldü.                        2025-09-10 11:19:59 INFO  [WellcomeSlidesScreen.java]
&amp#27;[m&amp#27;[32mAçılış slaytı kapatma butonuna tıklandı.                     2025-09-10 11:19:59 INFO  [WellcomeSlidesScreen.java]
&amp#27;[m&amp#27;[32m'Giriş yap' ekranında 'E-posta' alanı kontrol ediliyor.      2025-09-10 11:19:59 INFO  [WellcomeSlidesScreen.java]
&amp#27;[m&amp#27;[32m'Giriş yap' ekranında 'E-posta' alanı görüldü.               2025-09-10 11:20:01 INFO  [WellcomeSlidesScreen.java]
&amp#27;[m&amp#27;[32m'Giriş yap' ekranında 'Şifre' alanı kontrol ediliyor.        2025-09-10 11:20:01 INFO  [WellcomeSlidesScreen.java]
&amp#27;[m&amp#27;[32m'Giriş yap' ekranında 'Şifre' alanı görüldü.                 2025-09-10 11:20:01 INFO  [WellcomeSlidesScreen.java]
&amp#27;[m&amp#27;[32m'Giriş yap' ekranında şifre gizleme butonu kontrol ediliyor. 2025-09-10 11:20:01 INFO  [WellcomeSlidesScreen.java]
&amp#27;[m&amp#27;[32m'Giriş yap' ekranında şifre gizleme butonu görüldü.          2025-09-10 11:20:01 INFO  [WellcomeSlidesScreen.java]
&amp#27;[m]]></system-out>
  </testcase>
  <testcase name="thirdPartOfLoginSceeenControl" classname="enuygunautomation.tests.loginpage.LoginScreen" time="6.055">
    <system-out><![CDATA[&amp#27;[32mTest sonlandı.                                               2025-09-10 11:20:01 INFO  [WellcomeSlidesScreen.java]
&amp#27;[m&amp#27;[32m'Tüm seyahatin tek uygulamada' yazısı bekleniyor.            2025-09-10 11:20:05 INFO  [WellcomeSlidesScreen.java]
&amp#27;[m&amp#27;[32m'Tüm seyahatin tek uygulamada' yazısı görüldü.               2025-09-10 11:20:09 INFO  [WellcomeSlidesScreen.java]
&amp#27;[m&amp#27;[32mAçılış slaytı kapatma butonu görüldü.                        2025-09-10 11:20:09 INFO  [WellcomeSlidesScreen.java]
&amp#27;[m&amp#27;[32mAçılış slaytı kapatma butonuna tıklandı.                     2025-09-10 11:20:09 INFO  [WellcomeSlidesScreen.java]
&amp#27;[m&amp#27;[32mENUYGUN logosu görünene kadar bekleniyor.                    2025-09-10 11:20:09 INFO  [WellcomeSlidesScreen.java]
&amp#27;[m&amp#27;[32mENUYGUN logosu göründü.                                      2025-09-10 11:20:11 INFO  [WellcomeSlidesScreen.java]
&amp#27;[m&amp#27;[32m'Giriş yap' ekranında 'Giriş yap'(submit) butonu kontrol ediliyor. 2025-09-10 11:20:11 INFO  [WellcomeSlidesScreen.java]
&amp#27;[m&amp#27;[32m'Giriş yap' ekranında 'Giriş yap'(submit) butonu görüldü.    2025-09-10 11:20:11 INFO  [WellcomeSlidesScreen.java]
&amp#27;[m&amp#27;[32m'Giriş yap' ekranında 'Şifremi unuttum' butonu kontrol ediliyor. 2025-09-10 11:20:11 INFO  [WellcomeSlidesScreen.java]
&amp#27;[m&amp#27;[32m'Giriş yap' ekranında 'Şifremi unuttum' butonu görüldü.      2025-09-10 11:20:11 INFO  [WellcomeSlidesScreen.java]
&amp#27;[m&amp#27;[32m'Giriş yap' ekranında 'Üye olmadan devam et' butonu kontrol ediliyor. 2025-09-10 11:20:11 INFO  [WellcomeSlidesScreen.java]
&amp#27;[m&amp#27;[32m'Giriş yap' ekranında 'Üye olmadan devam et' butonu görüldü. 2025-09-10 11:20:11 INFO  [WellcomeSlidesScreen.java]
&amp#27;[m]]></system-out>
  </testcase>
  <testcase name="fourthPartOfLoginSceeenControl" classname="enuygunautomation.tests.loginpage.LoginScreen" time="5.927">
    <system-out><![CDATA[&amp#27;[32mTest sonlandı.                                               2025-09-10 11:20:11 INFO  [WellcomeSlidesScreen.java]
&amp#27;[m&amp#27;[32m'Tüm seyahatin tek uygulamada' yazısı bekleniyor.            2025-09-10 11:20:14 INFO  [WellcomeSlidesScreen.java]
&amp#27;[m&amp#27;[32m'Tüm seyahatin tek uygulamada' yazısı görüldü.               2025-09-10 11:20:18 INFO  [WellcomeSlidesScreen.java]
&amp#27;[m&amp#27;[32mAçılış slaytı kapatma butonu görüldü.                        2025-09-10 11:20:18 INFO  [WellcomeSlidesScreen.java]
&amp#27;[m&amp#27;[32mAçılış slaytı kapatma butonuna tıklandı.                     2025-09-10 11:20:18 INFO  [WellcomeSlidesScreen.java]
&amp#27;[m&amp#27;[32mENUYGUN logosu görünene kadar bekleniyor.                    2025-09-10 11:20:18 INFO  [WellcomeSlidesScreen.java]
&amp#27;[m&amp#27;[32mENUYGUN logosu göründü.                                      2025-09-10 11:20:20 INFO  [WellcomeSlidesScreen.java]
&amp#27;[m&amp#27;[32m'Giriş yap' ekranında 'Facebook ile devam et' butonu kontrol ediliyor. 2025-09-10 11:20:20 INFO  [WellcomeSlidesScreen.java]
&amp#27;[m&amp#27;[32m'Giriş yap' ekranında 'Facebook ile devam et' butonu görüldü. 2025-09-10 11:20:20 INFO  [WellcomeSlidesScreen.java]
&amp#27;[m&amp#27;[32m'Giriş yap' ekranında 'Google ile devam et' butonu kontrol ediliyor. 2025-09-10 11:20:20 INFO  [WellcomeSlidesScreen.java]
&amp#27;[m&amp#27;[32m'Giriş yap' ekranında 'Google ile devam et' butonu görüldü.  2025-09-10 11:20:20 INFO  [WellcomeSlidesScreen.java]
&amp#27;[m]]></system-out>
  </testcase>
  <testcase name="passwordHidderButtonFunctionControl" classname="enuygunautomation.tests.loginpage.LoginScreen" time="8.169">
    <system-out><![CDATA[&amp#27;[32mTest sonlandı.                                               2025-09-10 11:20:20 INFO  [WellcomeSlidesScreen.java]
&amp#27;[m&amp#27;[32m'Tüm seyahatin tek uygulamada' yazısı bekleniyor.            2025-09-10 11:20:24 INFO  [WellcomeSlidesScreen.java]
&amp#27;[m&amp#27;[32m'Tüm seyahatin tek uygulamada' yazısı görüldü.               2025-09-10 11:20:28 INFO  [WellcomeSlidesScreen.java]
&amp#27;[m&amp#27;[32mAçılış slaytı kapatma butonu görüldü.                        2025-09-10 11:20:28 INFO  [WellcomeSlidesScreen.java]
&amp#27;[m&amp#27;[32mAçılış slaytı kapatma butonuna tıklandı.                     2025-09-10 11:20:28 INFO  [WellcomeSlidesScreen.java]
&amp#27;[m&amp#27;[32mENUYGUN logosu görünene kadar bekleniyor.                    2025-09-10 11:20:28 INFO  [WellcomeSlidesScreen.java]
&amp#27;[m&amp#27;[32mENUYGUN logosu göründü.                                      2025-09-10 11:20:29 INFO  [WellcomeSlidesScreen.java]
&amp#27;[m&amp#27;[32m'Giriş yap' menü butonunun seçili olduğu kontrol ediliyor.   2025-09-10 11:20:29 INFO  [WellcomeSlidesScreen.java]
&amp#27;[m&amp#27;[32m'Giriş yap' menü butonunun seçili olduğu görüldü.            2025-09-10 11:20:30 INFO  [WellcomeSlidesScreen.java]
&amp#27;[m&amp#27;[32m'Giriş yap' ekranında şifre gizleme butonu kontrol ediliyor. 2025-09-10 11:20:30 INFO  [WellcomeSlidesScreen.java]
&amp#27;[m&amp#27;[32m'Giriş yap' ekranında şifre gizleme butonu görüldü.          2025-09-10 11:20:30 INFO  [WellcomeSlidesScreen.java]
&amp#27;[m&amp#27;[32m'Giriş yap' ekranında 'Şifre' alanına sfdBvc47* giriliyor.   2025-09-10 11:20:30 INFO  [WellcomeSlidesScreen.java]
&amp#27;[m&amp#27;[32m'Giriş yap' ekranında 'Şifre' alanına sfdBvc47* girildi.     2025-09-10 11:20:30 INFO  [WellcomeSlidesScreen.java]
&amp#27;[m&amp#27;[32m'Giriş yap' ekranında 'Şifre' alanının 'text' attribute unun value sunun sfdBvc47* olduğu kontrol ediliyor. 2025-09-10 11:20:30 INFO  [WellcomeSlidesScreen.java]
&amp#27;[m&amp#27;[32m'Giriş yap' ekranında 'Şifre' alanının 'text' attribute unun value sunun sfdBvc47* olduğu görüldü. 2025-09-10 11:20:31 INFO  [WellcomeSlidesScreen.java]
&amp#27;[m&amp#27;[32m'Giriş yap' ekranında 'Şifre' alanının 'password' attribute unun value sunun 'true' olduğu kontrol ediliyor. 2025-09-10 11:20:31 INFO  [WellcomeSlidesScreen.java]
&amp#27;[m&amp#27;[32m'Giriş yap' ekranında 'Şifre' alanının 'password' attribute unun value sunun 'true' olduğu görüldü. 2025-09-10 11:20:31 INFO  [WellcomeSlidesScreen.java]
&amp#27;[m&amp#27;[32m'Giriş yap' ekranında şifre gizleme butonuna tıklanıyor.     2025-09-10 11:20:31 INFO  [WellcomeSlidesScreen.java]
&amp#27;[m&amp#27;[32m'Giriş yap' ekranında şifre gizleme butona tıklandı.         2025-09-10 11:20:31 INFO  [WellcomeSlidesScreen.java]
&amp#27;[m&amp#27;[32m'Giriş yap' ekranında 'Şifre' alanının 'password' attribute unun value sunun 'false' olduğu kontrol ediliyor. 2025-09-10 11:20:31 INFO  [WellcomeSlidesScreen.java]
&amp#27;[m&amp#27;[32m'Giriş yap' ekranında 'Şifre' alanının 'password' attribute unun value sunun 'false' olduğu görüldü. 2025-09-10 11:20:32 INFO  [WellcomeSlidesScreen.java]
&amp#27;[m]]></system-out>
  </testcase>
  <testcase name="uyeOlmdnDevamEtButtonFunctionControl" classname="enuygunautomation.tests.loginpage.LoginScreen" time="10.051">
    <system-out><![CDATA[&amp#27;[32mTest sonlandı.                                               2025-09-10 11:20:32 INFO  [WellcomeSlidesScreen.java]
&amp#27;[m&amp#27;[32m'Tüm seyahatin tek uygulamada' yazısı bekleniyor.            2025-09-10 11:20:35 INFO  [WellcomeSlidesScreen.java]
&amp#27;[m&amp#27;[32m'Tüm seyahatin tek uygulamada' yazısı görüldü.               2025-09-10 11:20:39 INFO  [WellcomeSlidesScreen.java]
&amp#27;[m&amp#27;[32mAçılış slaytı kapatma butonu görüldü.                        2025-09-10 11:20:39 INFO  [WellcomeSlidesScreen.java]
&amp#27;[m&amp#27;[32mAçılış slaytı kapatma butonuna tıklandı.                     2025-09-10 11:20:39 INFO  [WellcomeSlidesScreen.java]
&amp#27;[m&amp#27;[32m'Üye olmadan devam et' butonuna tıklanıyor.                  2025-09-10 11:20:39 INFO  [WellcomeSlidesScreen.java]
&amp#27;[m&amp#27;[32m'Üye olmadan devam et' butonuna tıklandı.                    2025-09-10 11:20:41 INFO  [WellcomeSlidesScreen.java]
&amp#27;[m&amp#27;[32mAna ekrana yönleniliyor.                                     2025-09-10 11:20:41 INFO  [WellcomeSlidesScreen.java]
&amp#27;[m&amp#27;[32mAna ekrana yönlenildi.                                       2025-09-10 11:20:45 INFO  [WellcomeSlidesScreen.java]
&amp#27;[m]]></system-out>
  </testcase>
  <testcase name="sifremiUnuttumButtonFunctionControl" classname="enuygunautomation.tests.loginpage.LoginScreen" time="7.231">
    <system-out><![CDATA[&amp#27;[32mTest sonlandı.                                               2025-09-10 11:20:45 INFO  [WellcomeSlidesScreen.java]
&amp#27;[m&amp#27;[32mAçılış slaytı kapatma butonu görüldü.                        2025-09-10 11:20:53 INFO  [WellcomeSlidesScreen.java]
&amp#27;[m&amp#27;[32mAçılış slaytı kapatma butonuna tıklandı.                     2025-09-10 11:20:53 INFO  [WellcomeSlidesScreen.java]
&amp#27;[m&amp#27;[32m'Giriş yap' ekranında 'Giriş yap'(submit) butonu kontrol ediliyor. 2025-09-10 11:20:53 INFO  [WellcomeSlidesScreen.java]
&amp#27;[m&amp#27;[32m'Giriş yap' ekranında 'Giriş yap'(submit) butonu görüldü.    2025-09-10 11:20:55 INFO  [WellcomeSlidesScreen.java]
&amp#27;[m&amp#27;[32m'Şifremi unuttum' butonuna tıklanıyor.                       2025-09-10 11:20:55 INFO  [WellcomeSlidesScreen.java]
&amp#27;[m&amp#27;[32m'Şifremi unuttum' butonuna tıklandı.                         2025-09-10 11:20:55 INFO  [WellcomeSlidesScreen.java]
&amp#27;[m&amp#27;[32mŞifremi Unuttum pop-up' ının açıldığı kontrol ediliyor.      2025-09-10 11:20:55 INFO  [WellcomeSlidesScreen.java]
&amp#27;[m&amp#27;[32mŞifremi Unuttum pop-up' ının açıldığı görüldü.               2025-09-10 11:20:56 INFO  [WellcomeSlidesScreen.java]
&amp#27;[m]]></system-out>
  </testcase>
  <testcase name="successLoginWithEposta" classname="enuygunautomation.tests.loginpage.LoginScreen" time="38.5">
    <failure message="Expected condition failed: waiting for presence of element located by: By.id: com.mobilatolye.android.enuygun:id/image_search_fragment_logo (tried for 30 second(s) with 500 milliseconds interval)" type="org.openqa.selenium.TimeoutException"><![CDATA[org.openqa.selenium.TimeoutException: Expected condition failed: waiting for presence of element located by: By.id: com.mobilatolye.android.enuygun:id/image_search_fragment_logo (tried for 30 second(s) with 500 milliseconds interval)
	at org.openqa.selenium.support.ui.WebDriverWait.timeoutException(WebDriverWait.java:84)
	at org.openqa.selenium.support.ui.FluentWait.until(FluentWait.java:228)
	at enuygunautomation.helper.WaitHelper.waitedElementUntilPresencable(WaitHelper.java:18)
	at enuygunautomation.tests.loginpage.LoginScreen.successLoginWithEposta(LoginScreen.java:267)
	at java.base/jdk.internal.reflect.DirectMethodHandleAccessor.invoke(DirectMethodHandleAccessor.java:103)
	at java.base/java.lang.reflect.Method.invoke(Method.java:580)
	at org.testng.internal.invokers.MethodInvocationHelper.invokeMethod(MethodInvocationHelper.java:141)
	at org.testng.internal.invokers.TestInvoker.invokeMethod(TestInvoker.java:687)
	at org.testng.internal.invokers.TestInvoker.invokeTestMethod(TestInvoker.java:230)
	at org.testng.internal.invokers.MethodRunner.runInSequence(MethodRunner.java:63)
	at org.testng.internal.invokers.TestInvoker$MethodInvocationAgent.invoke(TestInvoker.java:995)
	at org.testng.internal.invokers.TestInvoker.invokeTestMethods(TestInvoker.java:203)
	at org.testng.internal.invokers.TestMethodWorker.invokeTestMethods(TestMethodWorker.java:154)
	at org.testng.internal.invokers.TestMethodWorker.run(TestMethodWorker.java:134)
	at java.base/java.util.ArrayList.forEach(ArrayList.java:1597)
	at org.testng.TestRunner.privateRun(TestRunner.java:741)
	at org.testng.TestRunner.run(TestRunner.java:616)
	at org.testng.SuiteRunner.runTest(SuiteRunner.java:421)
	at org.testng.SuiteRunner.runSequentially(SuiteRunner.java:413)
	at org.testng.SuiteRunner.privateRun(SuiteRunner.java:373)
	at org.testng.SuiteRunner.run(SuiteRunner.java:312)
	at org.testng.SuiteRunnerWorker.runSuite(SuiteRunnerWorker.java:52)
	at org.testng.SuiteRunnerWorker.run(SuiteRunnerWorker.java:95)
	at org.testng.TestNG.runSuitesSequentially(TestNG.java:1274)
	at org.testng.TestNG.runSuitesLocally(TestNG.java:1208)
	at org.testng.TestNG.runSuites(TestNG.java:1112)
	at org.testng.TestNG.run(TestNG.java:1079)
	at org.apache.maven.surefire.testng.TestNGExecutor.run(TestNGExecutor.java:308)
	at org.apache.maven.surefire.testng.TestNGXmlTestSuite.execute(TestNGXmlTestSuite.java:71)
	at org.apache.maven.surefire.testng.TestNGProvider.invoke(TestNGProvider.java:113)
	at org.apache.maven.surefire.booter.ForkedBooter.runSuitesInProcess(ForkedBooter.java:385)
	at org.apache.maven.surefire.booter.ForkedBooter.execute(ForkedBooter.java:162)
	at org.apache.maven.surefire.booter.ForkedBooter.run(ForkedBooter.java:507)
	at org.apache.maven.surefire.booter.ForkedBooter.main(ForkedBooter.java:495)
Caused by: org.openqa.selenium.NoSuchElementException: An element could not be located on the page using the given search parameters.
For documentation on this error, please visit: https://www.selenium.dev/documentation/webdriver/troubleshooting/errors#no-such-element-exception
Build info: version: '4.34.0', revision: '707dcb4246*'
System info: os.name: 'Mac OS X', os.arch: 'aarch64', os.version: '15.6', java.version: '22.0.1'
Driver info: io.appium.java_client.android.AndroidDriver
Command: [3e0d14c6-6d3e-4e65-9d22-a5e69a8d9ff3, findElement {using=id, value=com.mobilatolye.android.enuygun:id/image_search_fragment_logo}]
Capabilities {appium:adbExecTimeout: 600000, appium:appActivity: com.mobilatolye.android.enu..., appium:appPackage: com.mobilatolye.android.enu..., appium:appWaitActivity: *, appium:appWaitPackage: com.mobilatolye.android.enu..., appium:autoGrantPermissions: true, appium:automationName: UiAutomator2, appium:databaseEnabled: false, appium:desired: {adbExecTimeout: 600000, appActivity: com.mobilatolye.android.enu..., appPackage: com.mobilatolye.android.enu..., appWaitActivity: *, appWaitPackage: com.mobilatolye.android.enu..., autoGrantPermissions: true, automationName: UiAutomator2, newCommandTimeout: 300, noReset: false, platformName: ANDROID, platformVersion: 16, skipDeviceInitialization: true, skipUnlock: true, udid: emulator-5554, uiautomator2ServerLaunchTimeout: 120000}, appium:deviceApiLevel: 36, appium:deviceManufacturer: Google, appium:deviceModel: sdk_gphone64_arm64, appium:deviceName: emulator-5554, appium:deviceScreenDensity: 440, appium:deviceScreenSize: 1080x2280, appium:deviceUDID: emulator-5554, appium:javascriptEnabled: true, appium:locationContextEnabled: false, appium:networkConnectionEnabled: true, appium:newCommandTimeout: 300, appium:noReset: false, appium:pixelRatio: 2.75, appium:platformVersion: 16, appium:skipDeviceInitialization: true, appium:skipUnlock: true, appium:statBarHeight: 83, appium:takesScreenshot: true, appium:udid: emulator-5554, appium:uiautomator2ServerLaunchTimeout: 120000, appium:viewportRect: {height: 2197, left: 0, top: 83, width: 1080}, appium:warnings: {}, appium:webStorageEnabled: false, platformName: ANDROID}
Session ID: 3e0d14c6-6d3e-4e65-9d22-a5e69a8d9ff3
	at java.base/jdk.internal.reflect.DirectConstructorHandleAccessor.newInstance(DirectConstructorHandleAccessor.java:62)
	at java.base/java.lang.reflect.Constructor.newInstanceWithCaller(Constructor.java:502)
	at java.base/java.lang.reflect.Constructor.newInstance(Constructor.java:486)
	at org.openqa.selenium.remote.ErrorCodec.decode(ErrorCodec.java:167)
	at org.openqa.selenium.remote.codec.w3c.W3CHttpResponseCodec.decode(W3CHttpResponseCodec.java:138)
	at org.openqa.selenium.remote.codec.w3c.W3CHttpResponseCodec.decode(W3CHttpResponseCodec.java:50)
	at org.openqa.selenium.remote.HttpCommandExecutor.execute(HttpCommandExecutor.java:215)
	at io.appium.java_client.remote.AppiumCommandExecutor.execute(AppiumCommandExecutor.java:244)
	at org.openqa.selenium.remote.RemoteWebDriver.execute(RemoteWebDriver.java:544)
	at org.openqa.selenium.remote.ElementLocation$ElementFinder$2.findElement(ElementLocation.java:165)
	at org.openqa.selenium.remote.ElementLocation.findElement(ElementLocation.java:59)
	at org.openqa.selenium.remote.RemoteWebDriver.findElement(RemoteWebDriver.java:367)
	at org.openqa.selenium.remote.RemoteWebDriver.findElement(RemoteWebDriver.java:361)
	at org.openqa.selenium.support.ui.ExpectedConditions$6.apply(ExpectedConditions.java:171)
	at org.openqa.selenium.support.ui.ExpectedConditions$6.apply(ExpectedConditions.java:168)
	at org.openqa.selenium.support.ui.FluentWait.until(FluentWait.java:203)
	... 32 more
]]></failure>
    <system-out><![CDATA[&amp#27;[32mTest sonlandı.                                               2025-09-10 11:20:56 INFO  [WellcomeSlidesScreen.java]
&amp#27;[m&amp#27;[32mAçılış slaytı kapatma butonu görüldü.                        2025-09-10 11:21:05 INFO  [WellcomeSlidesScreen.java]
&amp#27;[m&amp#27;[32mAçılış slaytı kapatma butonuna tıklandı.                     2025-09-10 11:21:05 INFO  [WellcomeSlidesScreen.java]
&amp#27;[m&amp#27;[32m'Giriş yap' ekranında 'E-posta' alanı kontrol ediliyor.      2025-09-10 11:21:05 INFO  [WellcomeSlidesScreen.java]
&amp#27;[m&amp#27;[32m'Giriş yap' ekranında 'E-posta' alanı görüldü.               2025-09-10 11:21:07 INFO  [WellcomeSlidesScreen.java]
&amp#27;[m&amp#27;[32m'Giriş yap' ekranında 'Şifre' alanı kontrol ediliyor.        2025-09-10 11:21:07 INFO  [WellcomeSlidesScreen.java]
&amp#27;[m&amp#27;[32m'Giriş yap' ekranında 'Şifre' alanı görüldü.                 2025-09-10 11:21:07 INFO  [WellcomeSlidesScreen.java]
&amp#27;[m&amp#27;[32m'E-posta' alanına hsynakcn0mobile1test@gmail.com giriliyor.  2025-09-10 11:21:07 INFO  [WellcomeSlidesScreen.java]
&amp#27;[m&amp#27;[32m'E-posta' alanına hsynakcn0mobile1test@gmail.com girildi.    2025-09-10 11:21:08 INFO  [WellcomeSlidesScreen.java]
&amp#27;[m&amp#27;[32m'Şifre' alanına sfdBvc47* giriliyor.                         2025-09-10 11:21:08 INFO  [WellcomeSlidesScreen.java]
&amp#27;[m&amp#27;[32m'Şifre' alanına sfdBvc47* girildi.                           2025-09-10 11:21:08 INFO  [WellcomeSlidesScreen.java]
&amp#27;[m&amp#27;[32m'Giriş yap'(submit) butonuna tıklanıyor.                     2025-09-10 11:21:08 INFO  [WellcomeSlidesScreen.java]
&amp#27;[m&amp#27;[32m'Giriş yap'(submit) butonuna tıklandı.                       2025-09-10 11:21:09 INFO  [WellcomeSlidesScreen.java]
&amp#27;[m&amp#27;[32mAna ekranın açılması bekleniyor.                             2025-09-10 11:21:09 INFO  [WellcomeSlidesScreen.java]
&amp#27;[m]]></system-out>
  </testcase>
  <testcase name="successLoginWithFacebook" classname="enuygunautomation.tests.loginpage.LoginScreen" time="0.348">
    <failure message="An unknown server-side error occurred while processing the command. Original error: Potentially insecure feature &apos;adb_shell&apos; has not been enabled. If you want to enable this feature and accept the security ramifications, please do so by following the documented instructions at http://appium.io/docs/en/latest/guides/security/&#10;Build info: version: &apos;4.34.0&apos;, revision: &apos;707dcb4246*&apos;&#10;System info: os.name: &apos;Mac OS X&apos;, os.arch: &apos;aarch64&apos;, os.version: &apos;15.6&apos;, java.version: &apos;22.0.1&apos;&#10;Driver info: io.appium.java_client.android.AndroidDriver&#10;Command: [6bab8f6a-4fac-40c3-9988-a9ab90033363, executeScript {script=mobile: shell, args=[{command=pm clear com.mobilatolye.android.enuygun}]}]&#10;Capabilities {appium:adbExecTimeout: 600000, appium:appActivity: com.mobilatolye.android.enu..., appium:appPackage: com.mobilatolye.android.enu..., appium:appWaitActivity: *, appium:appWaitPackage: com.mobilatolye.android.enu..., appium:autoGrantPermissions: true, appium:automationName: UiAutomator2, appium:databaseEnabled: false, appium:desired: {adbExecTimeout: 600000, appActivity: com.mobilatolye.android.enu..., appPackage: com.mobilatolye.android.enu..., appWaitActivity: *, appWaitPackage: com.mobilatolye.android.enu..., autoGrantPermissions: true, automationName: UiAutomator2, newCommandTimeout: 300, noReset: false, platformName: ANDROID, platformVersion: 16, skipDeviceInitialization: true, skipUnlock: true, udid: emulator-5554, uiautomator2ServerLaunchTimeout: 120000}, appium:deviceApiLevel: 36, appium:deviceManufacturer: Google, appium:deviceModel: sdk_gphone64_arm64, appium:deviceName: emulator-5554, appium:deviceScreenDensity: 440, appium:deviceScreenSize: 1080x2280, appium:deviceUDID: emulator-5554, appium:javascriptEnabled: true, appium:locationContextEnabled: false, appium:networkConnectionEnabled: true, appium:newCommandTimeout: 300, appium:noReset: false, appium:pixelRatio: 2.75, appium:platformVersion: 16, appium:skipDeviceInitialization: true, appium:skipUnlock: true, appium:statBarHeight: 83, appium:takesScreenshot: true, appium:udid: emulator-5554, appium:uiautomator2ServerLaunchTimeout: 120000, appium:viewportRect: {height: 2197, left: 0, top: 83, width: 1080}, appium:warnings: {}, appium:webStorageEnabled: false, platformName: ANDROID}&#10;Session ID: 6bab8f6a-4fac-40c3-9988-a9ab90033363" type="org.openqa.selenium.WebDriverException"><![CDATA[org.openqa.selenium.WebDriverException: 
An unknown server-side error occurred while processing the command. Original error: Potentially insecure feature 'adb_shell' has not been enabled. If you want to enable this feature and accept the security ramifications, please do so by following the documented instructions at http://appium.io/docs/en/latest/guides/security/
Build info: version: '4.34.0', revision: '707dcb4246*'
System info: os.name: 'Mac OS X', os.arch: 'aarch64', os.version: '15.6', java.version: '22.0.1'
Driver info: io.appium.java_client.android.AndroidDriver
Command: [6bab8f6a-4fac-40c3-9988-a9ab90033363, executeScript {script=mobile: shell, args=[{command=pm clear com.mobilatolye.android.enuygun}]}]
Capabilities {appium:adbExecTimeout: 600000, appium:appActivity: com.mobilatolye.android.enu..., appium:appPackage: com.mobilatolye.android.enu..., appium:appWaitActivity: *, appium:appWaitPackage: com.mobilatolye.android.enu..., appium:autoGrantPermissions: true, appium:automationName: UiAutomator2, appium:databaseEnabled: false, appium:desired: {adbExecTimeout: 600000, appActivity: com.mobilatolye.android.enu..., appPackage: com.mobilatolye.android.enu..., appWaitActivity: *, appWaitPackage: com.mobilatolye.android.enu..., autoGrantPermissions: true, automationName: UiAutomator2, newCommandTimeout: 300, noReset: false, platformName: ANDROID, platformVersion: 16, skipDeviceInitialization: true, skipUnlock: true, udid: emulator-5554, uiautomator2ServerLaunchTimeout: 120000}, appium:deviceApiLevel: 36, appium:deviceManufacturer: Google, appium:deviceModel: sdk_gphone64_arm64, appium:deviceName: emulator-5554, appium:deviceScreenDensity: 440, appium:deviceScreenSize: 1080x2280, appium:deviceUDID: emulator-5554, appium:javascriptEnabled: true, appium:locationContextEnabled: false, appium:networkConnectionEnabled: true, appium:newCommandTimeout: 300, appium:noReset: false, appium:pixelRatio: 2.75, appium:platformVersion: 16, appium:skipDeviceInitialization: true, appium:skipUnlock: true, appium:statBarHeight: 83, appium:takesScreenshot: true, appium:udid: emulator-5554, appium:uiautomator2ServerLaunchTimeout: 120000, appium:viewportRect: {height: 2197, left: 0, top: 83, width: 1080}, appium:warnings: {}, appium:webStorageEnabled: false, platformName: ANDROID}
Session ID: 6bab8f6a-4fac-40c3-9988-a9ab90033363
	at java.base/jdk.internal.reflect.DirectConstructorHandleAccessor.newInstance(DirectConstructorHandleAccessor.java:62)
	at java.base/java.lang.reflect.Constructor.newInstanceWithCaller(Constructor.java:502)
	at java.base/java.lang.reflect.Constructor.newInstance(Constructor.java:486)
	at org.openqa.selenium.remote.ErrorCodec.decode(ErrorCodec.java:167)
	at org.openqa.selenium.remote.codec.w3c.W3CHttpResponseCodec.decode(W3CHttpResponseCodec.java:138)
	at org.openqa.selenium.remote.codec.w3c.W3CHttpResponseCodec.decode(W3CHttpResponseCodec.java:50)
	at org.openqa.selenium.remote.HttpCommandExecutor.execute(HttpCommandExecutor.java:215)
	at io.appium.java_client.remote.AppiumCommandExecutor.execute(AppiumCommandExecutor.java:244)
	at org.openqa.selenium.remote.RemoteWebDriver.execute(RemoteWebDriver.java:544)
	at org.openqa.selenium.remote.RemoteWebDriver.executeScript(RemoteWebDriver.java:475)
	at enuygunautomation.tests.loginpage.LoginScreen.resetAppWithCleanFacebookLogin(LoginScreen.java:26)
	at enuygunautomation.tests.loginpage.LoginScreen.successLoginWithFacebook(LoginScreen.java:281)
	at java.base/jdk.internal.reflect.DirectMethodHandleAccessor.invoke(DirectMethodHandleAccessor.java:103)
	at java.base/java.lang.reflect.Method.invoke(Method.java:580)
	at org.testng.internal.invokers.MethodInvocationHelper.invokeMethod(MethodInvocationHelper.java:141)
	at org.testng.internal.invokers.TestInvoker.invokeMethod(TestInvoker.java:687)
	at org.testng.internal.invokers.TestInvoker.invokeTestMethod(TestInvoker.java:230)
	at org.testng.internal.invokers.MethodRunner.runInSequence(MethodRunner.java:63)
	at org.testng.internal.invokers.TestInvoker$MethodInvocationAgent.invoke(TestInvoker.java:995)
	at org.testng.internal.invokers.TestInvoker.invokeTestMethods(TestInvoker.java:203)
	at org.testng.internal.invokers.TestMethodWorker.invokeTestMethods(TestMethodWorker.java:154)
	at org.testng.internal.invokers.TestMethodWorker.run(TestMethodWorker.java:134)
	at java.base/java.util.ArrayList.forEach(ArrayList.java:1597)
	at org.testng.TestRunner.privateRun(TestRunner.java:741)
	at org.testng.TestRunner.run(TestRunner.java:616)
	at org.testng.SuiteRunner.runTest(SuiteRunner.java:421)
	at org.testng.SuiteRunner.runSequentially(SuiteRunner.java:413)
	at org.testng.SuiteRunner.privateRun(SuiteRunner.java:373)
	at org.testng.SuiteRunner.run(SuiteRunner.java:312)
	at org.testng.SuiteRunnerWorker.runSuite(SuiteRunnerWorker.java:52)
	at org.testng.SuiteRunnerWorker.run(SuiteRunnerWorker.java:95)
	at org.testng.TestNG.runSuitesSequentially(TestNG.java:1274)
	at org.testng.TestNG.runSuitesLocally(TestNG.java:1208)
	at org.testng.TestNG.runSuites(TestNG.java:1112)
	at org.testng.TestNG.run(TestNG.java:1079)
	at org.apache.maven.surefire.testng.TestNGExecutor.run(TestNGExecutor.java:308)
	at org.apache.maven.surefire.testng.TestNGXmlTestSuite.execute(TestNGXmlTestSuite.java:71)
	at org.apache.maven.surefire.testng.TestNGProvider.invoke(TestNGProvider.java:113)
	at org.apache.maven.surefire.booter.ForkedBooter.runSuitesInProcess(ForkedBooter.java:385)
	at org.apache.maven.surefire.booter.ForkedBooter.execute(ForkedBooter.java:162)
	at org.apache.maven.surefire.booter.ForkedBooter.run(ForkedBooter.java:507)
	at org.apache.maven.surefire.booter.ForkedBooter.main(ForkedBooter.java:495)
]]></failure>
    <system-out><![CDATA[&amp#27;[32mTest sonlandı.                                               2025-09-10 11:21:39 INFO  [WellcomeSlidesScreen.java]
&amp#27;[m]]></system-out>
  </testcase>
  <testcase name="emptyEmailAndPasswordWarnings" classname="enuygunautomation.tests.loginpage.LoginScreen" time="8.079">
    <system-out><![CDATA[&amp#27;[32mTest sonlandı.                                               2025-09-10 11:21:43 INFO  [WellcomeSlidesScreen.java]
&amp#27;[m&amp#27;[32mAçılış slaytı kapatma butonu görüldü.                        2025-09-10 11:21:52 INFO  [WellcomeSlidesScreen.java]
&amp#27;[m&amp#27;[32mAçılış slaytı kapatma butonuna tıklandı.                     2025-09-10 11:21:52 INFO  [WellcomeSlidesScreen.java]
&amp#27;[m&amp#27;[32m'Giriş yap' ekranında 'E-posta' alanı kontrol ediliyor.      2025-09-10 11:21:52 INFO  [WellcomeSlidesScreen.java]
&amp#27;[m&amp#27;[32m'Giriş yap' ekranında 'E-posta' alanı görüldü.               2025-09-10 11:21:54 INFO  [WellcomeSlidesScreen.java]
&amp#27;[m&amp#27;[32m'Giriş yap' ekranında 'Şifre' alanı kontrol ediliyor.        2025-09-10 11:21:54 INFO  [WellcomeSlidesScreen.java]
&amp#27;[m&amp#27;[32m'Giriş yap' ekranında 'Şifre' alanı görüldü.                 2025-09-10 11:21:54 INFO  [WellcomeSlidesScreen.java]
&amp#27;[m&amp#27;[32m'Giriş yap' butonuna tıklanıyor.                             2025-09-10 11:21:54 INFO  [WellcomeSlidesScreen.java]
&amp#27;[m&amp#27;[32mE-posta alanı uyarı mesajı kontrol ediliyor.                 2025-09-10 11:21:54 INFO  [WellcomeSlidesScreen.java]
&amp#27;[m&amp#27;[32mE-posta alanı için 'Lütfen e-posta adresinin doğruluğundan emin olun.' mesajı görüldü. 2025-09-10 11:21:55 INFO  [WellcomeSlidesScreen.java]
&amp#27;[m&amp#27;[32mŞifre alanı uyarı mesajı kontrol ediliyor.                   2025-09-10 11:21:55 INFO  [WellcomeSlidesScreen.java]
&amp#27;[m&amp#27;[32mŞifre alanı için 'Lütfen geçerli bir şifre girin.' mesajı görüldü. 2025-09-10 11:21:55 INFO  [WellcomeSlidesScreen.java]
&amp#27;[m]]></system-out>
  </testcase>
  <testcase name="invalidEmailWarningMessage" classname="enuygunautomation.tests.loginpage.LoginScreen" time="8.561">
    <system-out><![CDATA[&amp#27;[32mTest sonlandı.                                               2025-09-10 11:21:55 INFO  [WellcomeSlidesScreen.java]
&amp#27;[m&amp#27;[32mAçılış slaytı kapatma butonu görüldü.                        2025-09-10 11:22:03 INFO  [WellcomeSlidesScreen.java]
&amp#27;[m&amp#27;[32mAçılış slaytı kapatma butonuna tıklandı.                     2025-09-10 11:22:03 INFO  [WellcomeSlidesScreen.java]
&amp#27;[m&amp#27;[32m'Giriş yap' ekranında 'E-posta' alanı kontrol ediliyor.      2025-09-10 11:22:03 INFO  [WellcomeSlidesScreen.java]
&amp#27;[m&amp#27;[32m'Giriş yap' ekranında 'E-posta' alanı görüldü.               2025-09-10 11:22:04 INFO  [WellcomeSlidesScreen.java]
&amp#27;[m&amp#27;[32m'Giriş yap' ekranında 'Şifre' alanı kontrol ediliyor.        2025-09-10 11:22:04 INFO  [WellcomeSlidesScreen.java]
&amp#27;[m&amp#27;[32m'Giriş yap' ekranında 'Şifre' alanı görüldü.                 2025-09-10 11:22:04 INFO  [WellcomeSlidesScreen.java]
&amp#27;[m&amp#27;[32mE-posta alanına geçersiz e-posta giriliyor: invalidEmailFormat 2025-09-10 11:22:04 INFO  [WellcomeSlidesScreen.java]
&amp#27;[m&amp#27;[32mE-posta alanına geçersiz e-posta girildi.                    2025-09-10 11:22:05 INFO  [WellcomeSlidesScreen.java]
&amp#27;[m&amp#27;[32m'Giriş yap' butonuna tıklanıyor.                             2025-09-10 11:22:05 INFO  [WellcomeSlidesScreen.java]
&amp#27;[m&amp#27;[32mE-posta alanı uyarı mesajı kontrol ediliyor.                 2025-09-10 11:22:06 INFO  [WellcomeSlidesScreen.java]
&amp#27;[m&amp#27;[32mE-posta alanı için 'Lütfen e-posta adresinin doğruluğundan emin olun.' mesajı görüldü. 2025-09-10 11:22:07 INFO  [WellcomeSlidesScreen.java]
&amp#27;[m]]></system-out>
  </testcase>
  <testcase name="invalidPasswordWarningMessage" classname="enuygunautomation.tests.loginpage.LoginScreen" time="8.221">
    <system-out><![CDATA[&amp#27;[32mTest sonlandı.                                               2025-09-10 11:22:07 INFO  [WellcomeSlidesScreen.java]
&amp#27;[m&amp#27;[32mAçılış slaytı kapatma butonu görüldü.                        2025-09-10 11:22:14 INFO  [WellcomeSlidesScreen.java]
&amp#27;[m&amp#27;[32mAçılış slaytı kapatma butonuna tıklandı.                     2025-09-10 11:22:16 INFO  [WellcomeSlidesScreen.java]
&amp#27;[m&amp#27;[32m'Giriş yap' ekranında 'E-posta' alanı kontrol ediliyor.      2025-09-10 11:22:16 INFO  [WellcomeSlidesScreen.java]
&amp#27;[m&amp#27;[32m'Giriş yap' ekranında 'E-posta' alanı görüldü.               2025-09-10 11:22:16 INFO  [WellcomeSlidesScreen.java]
&amp#27;[m&amp#27;[32m'Giriş yap' ekranında 'Şifre' alanı kontrol ediliyor.        2025-09-10 11:22:16 INFO  [WellcomeSlidesScreen.java]
&amp#27;[m&amp#27;[32m'Giriş yap' ekranında 'Şifre' alanı görüldü.                 2025-09-10 11:22:16 INFO  [WellcomeSlidesScreen.java]
&amp#27;[m&amp#27;[32mŞifre alanına geçersiz şifre giriliyor: aSD-*                2025-09-10 11:22:16 INFO  [WellcomeSlidesScreen.java]
&amp#27;[m&amp#27;[32mŞifre alanına girilen 'aSD-*' değeri görüldü.                2025-09-10 11:22:17 INFO  [WellcomeSlidesScreen.java]
&amp#27;[m&amp#27;[32m'Giriş yap' butonuna tıklanıyor.                             2025-09-10 11:22:17 INFO  [WellcomeSlidesScreen.java]
&amp#27;[m&amp#27;[32mŞifre alanı uyarı mesajı kontrol ediliyor.                   2025-09-10 11:22:17 INFO  [WellcomeSlidesScreen.java]
&amp#27;[m&amp#27;[32mŞifre alanı için 'Lütfen geçerli bir şifre girin.' mesajı görüldü. 2025-09-10 11:22:18 INFO  [WellcomeSlidesScreen.java]
&amp#27;[m]]></system-out>
  </testcase>
  <testcase name="invalidEmailAndPasswordWarnings" classname="enuygunautomation.tests.loginpage.LoginScreen" time="10.346">
    <system-out><![CDATA[&amp#27;[32mTest sonlandı.                                               2025-09-10 11:22:18 INFO  [WellcomeSlidesScreen.java]
&amp#27;[m&amp#27;[32mAçılış slaytı kapatma butonu görüldü.                        2025-09-10 11:22:26 INFO  [WellcomeSlidesScreen.java]
&amp#27;[m&amp#27;[32mAçılış slaytı kapatma butonuna tıklandı.                     2025-09-10 11:22:26 INFO  [WellcomeSlidesScreen.java]
&amp#27;[m&amp#27;[32m'Giriş yap' ekranında 'E-posta' alanı kontrol ediliyor.      2025-09-10 11:22:26 INFO  [WellcomeSlidesScreen.java]
&amp#27;[m&amp#27;[32m'Giriş yap' ekranında 'E-posta' alanı görüldü.               2025-09-10 11:22:27 INFO  [WellcomeSlidesScreen.java]
&amp#27;[m&amp#27;[32m'Giriş yap' ekranında 'Şifre' alanı kontrol ediliyor.        2025-09-10 11:22:27 INFO  [WellcomeSlidesScreen.java]
&amp#27;[m&amp#27;[32m'Giriş yap' ekranında 'Şifre' alanı görüldü.                 2025-09-10 11:22:27 INFO  [WellcomeSlidesScreen.java]
&amp#27;[m&amp#27;[32mE-posta alanına geçersiz e-posta giriliyor: hsynakcn0mobile1test@gma 2025-09-10 11:22:27 INFO  [WellcomeSlidesScreen.java]
&amp#27;[m&amp#27;[32mE-posta alanına girilen 'hsynakcn0mobile1test@gma' değeri görüldü. 2025-09-10 11:22:29 INFO  [WellcomeSlidesScreen.java]
&amp#27;[m&amp#27;[32mŞifre alanına geçersiz şifre giriliyor: aSD-*                2025-09-10 11:22:29 INFO  [WellcomeSlidesScreen.java]
&amp#27;[m&amp#27;[32mŞifre alanına girilen 'aSD-*' değeri görüldü.                2025-09-10 11:22:30 INFO  [WellcomeSlidesScreen.java]
&amp#27;[m&amp#27;[32m'Giriş yap' butonuna tıklanıyor.                             2025-09-10 11:22:30 INFO  [WellcomeSlidesScreen.java]
&amp#27;[m&amp#27;[32mE-posta alanı uyarı mesajı kontrol ediliyor.                 2025-09-10 11:22:30 INFO  [WellcomeSlidesScreen.java]
&amp#27;[m&amp#27;[32mE-posta alanı için 'Lütfen e-posta adresinin doğruluğundan emin olun.' mesajı görüldü. 2025-09-10 11:22:31 INFO  [WellcomeSlidesScreen.java]
&amp#27;[m&amp#27;[32mŞifre alanı uyarı mesajı kontrol ediliyor.                   2025-09-10 11:22:31 INFO  [WellcomeSlidesScreen.java]
&amp#27;[m&amp#27;[32mŞifre alanı için 'Lütfen geçerli bir şifre girin.' mesajı görüldü. 2025-09-10 11:22:31 INFO  [WellcomeSlidesScreen.java]
&amp#27;[m]]></system-out>
  </testcase>
  <testcase name="asd" classname="enuygunautomation.tests.loginpage.LoginScreen" time="0.248">
    <failure message="An unknown server-side error occurred while processing the command. Original error: Potentially insecure feature &apos;adb_shell&apos; has not been enabled. If you want to enable this feature and accept the security ramifications, please do so by following the documented instructions at http://appium.io/docs/en/latest/guides/security/&#10;Build info: version: &apos;4.34.0&apos;, revision: &apos;707dcb4246*&apos;&#10;System info: os.name: &apos;Mac OS X&apos;, os.arch: &apos;aarch64&apos;, os.version: &apos;15.6&apos;, java.version: &apos;22.0.1&apos;&#10;Driver info: io.appium.java_client.android.AndroidDriver&#10;Command: [c05b6eec-c262-460c-909d-aaeb57b3469f, executeScript {script=mobile: shell, args=[{command=pm clear com.mobilatolye.android.enuygun}]}]&#10;Capabilities {appium:adbExecTimeout: 600000, appium:appActivity: com.mobilatolye.android.enu..., appium:appPackage: com.mobilatolye.android.enu..., appium:appWaitActivity: *, appium:appWaitPackage: com.mobilatolye.android.enu..., appium:autoGrantPermissions: true, appium:automationName: UiAutomator2, appium:databaseEnabled: false, appium:desired: {adbExecTimeout: 600000, appActivity: com.mobilatolye.android.enu..., appPackage: com.mobilatolye.android.enu..., appWaitActivity: *, appWaitPackage: com.mobilatolye.android.enu..., autoGrantPermissions: true, automationName: UiAutomator2, newCommandTimeout: 300, noReset: false, platformName: ANDROID, platformVersion: 16, skipDeviceInitialization: true, skipUnlock: true, udid: emulator-5554, uiautomator2ServerLaunchTimeout: 120000}, appium:deviceApiLevel: 36, appium:deviceManufacturer: Google, appium:deviceModel: sdk_gphone64_arm64, appium:deviceName: emulator-5554, appium:deviceScreenDensity: 440, appium:deviceScreenSize: 1080x2280, appium:deviceUDID: emulator-5554, appium:javascriptEnabled: true, appium:locationContextEnabled: false, appium:networkConnectionEnabled: true, appium:newCommandTimeout: 300, appium:noReset: false, appium:pixelRatio: 2.75, appium:platformVersion: 16, appium:skipDeviceInitialization: true, appium:skipUnlock: true, appium:statBarHeight: 83, appium:takesScreenshot: true, appium:udid: emulator-5554, appium:uiautomator2ServerLaunchTimeout: 120000, appium:viewportRect: {height: 2197, left: 0, top: 83, width: 1080}, appium:warnings: {}, appium:webStorageEnabled: false, platformName: ANDROID}&#10;Session ID: c05b6eec-c262-460c-909d-aaeb57b3469f" type="org.openqa.selenium.WebDriverException"><![CDATA[org.openqa.selenium.WebDriverException: 
An unknown server-side error occurred while processing the command. Original error: Potentially insecure feature 'adb_shell' has not been enabled. If you want to enable this feature and accept the security ramifications, please do so by following the documented instructions at http://appium.io/docs/en/latest/guides/security/
Build info: version: '4.34.0', revision: '707dcb4246*'
System info: os.name: 'Mac OS X', os.arch: 'aarch64', os.version: '15.6', java.version: '22.0.1'
Driver info: io.appium.java_client.android.AndroidDriver
Command: [c05b6eec-c262-460c-909d-aaeb57b3469f, executeScript {script=mobile: shell, args=[{command=pm clear com.mobilatolye.android.enuygun}]}]
Capabilities {appium:adbExecTimeout: 600000, appium:appActivity: com.mobilatolye.android.enu..., appium:appPackage: com.mobilatolye.android.enu..., appium:appWaitActivity: *, appium:appWaitPackage: com.mobilatolye.android.enu..., appium:autoGrantPermissions: true, appium:automationName: UiAutomator2, appium:databaseEnabled: false, appium:desired: {adbExecTimeout: 600000, appActivity: com.mobilatolye.android.enu..., appPackage: com.mobilatolye.android.enu..., appWaitActivity: *, appWaitPackage: com.mobilatolye.android.enu..., autoGrantPermissions: true, automationName: UiAutomator2, newCommandTimeout: 300, noReset: false, platformName: ANDROID, platformVersion: 16, skipDeviceInitialization: true, skipUnlock: true, udid: emulator-5554, uiautomator2ServerLaunchTimeout: 120000}, appium:deviceApiLevel: 36, appium:deviceManufacturer: Google, appium:deviceModel: sdk_gphone64_arm64, appium:deviceName: emulator-5554, appium:deviceScreenDensity: 440, appium:deviceScreenSize: 1080x2280, appium:deviceUDID: emulator-5554, appium:javascriptEnabled: true, appium:locationContextEnabled: false, appium:networkConnectionEnabled: true, appium:newCommandTimeout: 300, appium:noReset: false, appium:pixelRatio: 2.75, appium:platformVersion: 16, appium:skipDeviceInitialization: true, appium:skipUnlock: true, appium:statBarHeight: 83, appium:takesScreenshot: true, appium:udid: emulator-5554, appium:uiautomator2ServerLaunchTimeout: 120000, appium:viewportRect: {height: 2197, left: 0, top: 83, width: 1080}, appium:warnings: {}, appium:webStorageEnabled: false, platformName: ANDROID}
Session ID: c05b6eec-c262-460c-909d-aaeb57b3469f
	at java.base/jdk.internal.reflect.DirectConstructorHandleAccessor.newInstance(DirectConstructorHandleAccessor.java:62)
	at java.base/java.lang.reflect.Constructor.newInstanceWithCaller(Constructor.java:502)
	at java.base/java.lang.reflect.Constructor.newInstance(Constructor.java:486)
	at org.openqa.selenium.remote.ErrorCodec.decode(ErrorCodec.java:167)
	at org.openqa.selenium.remote.codec.w3c.W3CHttpResponseCodec.decode(W3CHttpResponseCodec.java:138)
	at org.openqa.selenium.remote.codec.w3c.W3CHttpResponseCodec.decode(W3CHttpResponseCodec.java:50)
	at org.openqa.selenium.remote.HttpCommandExecutor.execute(HttpCommandExecutor.java:215)
	at io.appium.java_client.remote.AppiumCommandExecutor.execute(AppiumCommandExecutor.java:244)
	at org.openqa.selenium.remote.RemoteWebDriver.execute(RemoteWebDriver.java:544)
	at org.openqa.selenium.remote.RemoteWebDriver.executeScript(RemoteWebDriver.java:475)
	at enuygunautomation.tests.loginpage.LoginScreen.resetAppWithCleanFacebookLogin(LoginScreen.java:26)
	at enuygunautomation.tests.loginpage.LoginScreen.asd(LoginScreen.java:532)
	at java.base/jdk.internal.reflect.DirectMethodHandleAccessor.invoke(DirectMethodHandleAccessor.java:103)
	at java.base/java.lang.reflect.Method.invoke(Method.java:580)
	at org.testng.internal.invokers.MethodInvocationHelper.invokeMethod(MethodInvocationHelper.java:141)
	at org.testng.internal.invokers.TestInvoker.invokeMethod(TestInvoker.java:687)
	at org.testng.internal.invokers.TestInvoker.invokeTestMethod(TestInvoker.java:230)
	at org.testng.internal.invokers.MethodRunner.runInSequence(MethodRunner.java:63)
	at org.testng.internal.invokers.TestInvoker$MethodInvocationAgent.invoke(TestInvoker.java:995)
	at org.testng.internal.invokers.TestInvoker.invokeTestMethods(TestInvoker.java:203)
	at org.testng.internal.invokers.TestMethodWorker.invokeTestMethods(TestMethodWorker.java:154)
	at org.testng.internal.invokers.TestMethodWorker.run(TestMethodWorker.java:134)
	at java.base/java.util.ArrayList.forEach(ArrayList.java:1597)
	at org.testng.TestRunner.privateRun(TestRunner.java:741)
	at org.testng.TestRunner.run(TestRunner.java:616)
	at org.testng.SuiteRunner.runTest(SuiteRunner.java:421)
	at org.testng.SuiteRunner.runSequentially(SuiteRunner.java:413)
	at org.testng.SuiteRunner.privateRun(SuiteRunner.java:373)
	at org.testng.SuiteRunner.run(SuiteRunner.java:312)
	at org.testng.SuiteRunnerWorker.runSuite(SuiteRunnerWorker.java:52)
	at org.testng.SuiteRunnerWorker.run(SuiteRunnerWorker.java:95)
	at org.testng.TestNG.runSuitesSequentially(TestNG.java:1274)
	at org.testng.TestNG.runSuitesLocally(TestNG.java:1208)
	at org.testng.TestNG.runSuites(TestNG.java:1112)
	at org.testng.TestNG.run(TestNG.java:1079)
	at org.apache.maven.surefire.testng.TestNGExecutor.run(TestNGExecutor.java:308)
	at org.apache.maven.surefire.testng.TestNGXmlTestSuite.execute(TestNGXmlTestSuite.java:71)
	at org.apache.maven.surefire.testng.TestNGProvider.invoke(TestNGProvider.java:113)
	at org.apache.maven.surefire.booter.ForkedBooter.runSuitesInProcess(ForkedBooter.java:385)
	at org.apache.maven.surefire.booter.ForkedBooter.execute(ForkedBooter.java:162)
	at org.apache.maven.surefire.booter.ForkedBooter.run(ForkedBooter.java:507)
	at org.apache.maven.surefire.booter.ForkedBooter.main(ForkedBooter.java:495)
]]></failure>
    <system-out><![CDATA[&amp#27;[32mTest sonlandı.                                               2025-09-10 11:22:31 INFO  [WellcomeSlidesScreen.java]
&amp#27;[m]]></system-out>
  </testcase>
  <testcase name="successLoginWithGoogle" classname="enuygunautomation.tests.loginpage.LoginScreen" time="14.34">
    <system-out><![CDATA[&amp#27;[32mTest sonlandı.                                               2025-09-10 11:22:34 INFO  [WellcomeSlidesScreen.java]
&amp#27;[m&amp#27;[32mAçılış slaytı kapatma butonu görüldü.                        2025-09-10 11:22:43 INFO  [WellcomeSlidesScreen.java]
&amp#27;[m&amp#27;[32mAçılış slaytı kapatma butonuna tıklandı.                     2025-09-10 11:22:43 INFO  [WellcomeSlidesScreen.java]
&amp#27;[m&amp#27;[32m'Giriş yap' ekranında 'E-posta' alanı kontrol ediliyor.      2025-09-10 11:22:43 INFO  [WellcomeSlidesScreen.java]
&amp#27;[m&amp#27;[32m'Giriş yap' ekranında 'E-posta' alanı görüldü.               2025-09-10 11:22:44 INFO  [WellcomeSlidesScreen.java]
&amp#27;[m&amp#27;[32m'Giriş yap' ekranında 'Şifre' alanı kontrol ediliyor.        2025-09-10 11:22:44 INFO  [WellcomeSlidesScreen.java]
&amp#27;[m&amp#27;[32m'Giriş yap' ekranında 'Şifre' alanı görüldü.                 2025-09-10 11:22:44 INFO  [WellcomeSlidesScreen.java]
&amp#27;[m&amp#27;[32m'Google ile devam et' butonuna tıklanıyor.                   2025-09-10 11:22:44 INFO  [WellcomeSlidesScreen.java]
&amp#27;[m&amp#27;[32m'Google ile devam et' butonuna tıklandı.                     2025-09-10 11:22:45 INFO  [WellcomeSlidesScreen.java]
&amp#27;[m&amp#27;[32m'Choose an account' pop-up' ının açılması bekleniyor.        2025-09-10 11:22:45 INFO  [WellcomeSlidesScreen.java]
&amp#27;[m&amp#27;[32m'Choose an account' pop-up' ı açıldı.                        2025-09-10 11:22:47 INFO  [WellcomeSlidesScreen.java]
&amp#27;[m&amp#27;[32m'Choose an account' pop-up' ında hsynakcn0mobile1test@gmail.com hesabı seçiliyor. 2025-09-10 11:22:47 INFO  [WellcomeSlidesScreen.java]
&amp#27;[m&amp#27;[32m'Choose an account' pop-up' ında hsynakcn0mobile1test@gmail.com hesabı seçildi. 2025-09-10 11:22:47 INFO  [WellcomeSlidesScreen.java]
&amp#27;[m&amp#27;[32m'Hesabım menüsüne gidiliyor.'                                2025-09-10 11:22:47 INFO  [WellcomeSlidesScreen.java]
&amp#27;[m&amp#27;[32m'Hesabım menüsüne gidildi.'                                  2025-09-10 11:22:52 INFO  [WellcomeSlidesScreen.java]
&amp#27;[m&amp#27;[32mHesabım menüsünde Google hesabı seçilen hsynakcn0mobile1test@gmail.com e-postası kontrol ediliyor. 2025-09-10 11:22:52 INFO  [WellcomeSlidesScreen.java]
&amp#27;[m&amp#27;[32mHesabım menüsünde Google hesabı seçilen hsynakcn0mobile1test@gmail.com e-postası görüldü. 2025-09-10 11:22:53 INFO  [WellcomeSlidesScreen.java]
&amp#27;[m]]></system-out>
  </testcase>
  <testcase name="wellcomeSlidesControll" classname="enuygunautomation.tests.welcomeslides.WellcomeSlidesScreen" time="9.31">
    <system-out><![CDATA[&amp#27;[32mTest sonlandı.                                               2025-09-10 11:22:53 INFO  [WellcomeSlidesScreen.java]
&amp#27;[m------------------------------------------Tüm seyahatin tek uygulamada
&amp#27;[32m'Tüm seyahatin tek uygulamada' yazısı görüldü.               2025-09-10 11:23:01 INFO  [WellcomeSlidesScreen.java]
&amp#27;[m&amp#27;[32mMainPageSlideIntroImage görüldü.                             2025-09-10 11:23:01 INFO  [WellcomeSlidesScreen.java]
&amp#27;[m&amp#27;[32mUçak bileti, otobüs bileti, otel,... yazısı görüldü.         2025-09-10 11:23:01 INFO  [WellcomeSlidesScreen.java]
&amp#27;[m&amp#27;[32mBiletim güvende alanına kaydırıldı.                          2025-09-10 11:23:02 INFO  [WellcomeSlidesScreen.java]
&amp#27;[m&amp#27;[32m'Biletim güvende' yazısı görüldü.                            2025-09-10 11:23:03 INFO  [WellcomeSlidesScreen.java]
&amp#27;[m&amp#27;[32mMainPageSlideSecondImage görüldü.                            2025-09-10 11:23:03 INFO  [WellcomeSlidesScreen.java]
&amp#27;[m&amp#27;[32mUçuşa 3 saate kadar ki bilet iptallerinde... yazısı görüldü. 2025-09-10 11:23:03 INFO  [WellcomeSlidesScreen.java]
&amp#27;[m&amp#27;[32mİlk bilen sen ol alanına kaydırıldı.                         2025-09-10 11:23:04 INFO  [WellcomeSlidesScreen.java]
&amp#27;[m&amp#27;[32m'İlk bilen sen ol!' yazısı görüldü.                          2025-09-10 11:23:06 INFO  [WellcomeSlidesScreen.java]
&amp#27;[m&amp#27;[32mMainPageSlideThirdImage görüldü.                             2025-09-10 11:23:06 INFO  [WellcomeSlidesScreen.java]
&amp#27;[m&amp#27;[32mEnuygun’un özel kampanyalarından ve... yazısı görüldü.       2025-09-10 11:23:06 INFO  [WellcomeSlidesScreen.java]
&amp#27;[m&amp#27;[32mBildirimlere izin ver butonu görüldü.                        2025-09-10 11:23:06 INFO  [WellcomeSlidesScreen.java]
&amp#27;[m&amp#27;[32mDaha sonra hatırlat butonu görüldü.                          2025-09-10 11:23:06 INFO  [WellcomeSlidesScreen.java]
&amp#27;[m&amp#27;[32mSlide Close butonu görüldü.                                  2025-09-10 11:23:06 INFO  [WellcomeSlidesScreen.java]
&amp#27;[m]]></system-out>
  </testcase>
  <testcase name="allowNotificationButtonAction" classname="enuygunautomation.tests.welcomeslides.WellcomeSlidesScreen" time="13.743">
    <system-out><![CDATA[&amp#27;[32mTest sonlandı.                                               2025-09-10 11:23:06 INFO  [WellcomeSlidesScreen.java]
&amp#27;[m&amp#27;[32mBiletim güvende alanına kaydırıldı.                          2025-09-10 11:23:16 INFO  [WellcomeSlidesScreen.java]
&amp#27;[m&amp#27;[32mİlk bilen sen ol alanına kaydırıldı.                         2025-09-10 11:23:18 INFO  [WellcomeSlidesScreen.java]
&amp#27;[m&amp#27;[32mBildirimlere izin ver butonuna tıklandı.                     2025-09-10 11:23:19 INFO  [WellcomeSlidesScreen.java]
&amp#27;[m&amp#27;[32mGiriş yap ekranına yönleniyor.                               2025-09-10 11:23:19 INFO  [WellcomeSlidesScreen.java]
&amp#27;[m&amp#27;[32mGiriş yap ekranı açıldı.                                     2025-09-10 11:23:24 INFO  [WellcomeSlidesScreen.java]
&amp#27;[m]]></system-out>
  </testcase>
  <testcase name="remindMeLaterButtonAction" classname="enuygunautomation.tests.welcomeslides.WellcomeSlidesScreen" time="14.375">
    <system-out><![CDATA[&amp#27;[32mTest sonlandı.                                               2025-09-10 11:23:24 INFO  [WellcomeSlidesScreen.java]
&amp#27;[m&amp#27;[32mBiletim güvende alanına kaydırıldı.                          2025-09-10 11:23:34 INFO  [WellcomeSlidesScreen.java]
&amp#27;[m&amp#27;[32mİlk bilen sen ol alanına kaydırıldı.                         2025-09-10 11:23:36 INFO  [WellcomeSlidesScreen.java]
&amp#27;[m&amp#27;[32mDaha sonra hatırlat butonuna tıklandı.                       2025-09-10 11:23:37 INFO  [WellcomeSlidesScreen.java]
&amp#27;[m&amp#27;[32mGiriş yap ekranına yönleniyor.                               2025-09-10 11:23:37 INFO  [WellcomeSlidesScreen.java]
&amp#27;[m&amp#27;[32mGiriş yap ekranı açıldı.                                     2025-09-10 11:23:42 INFO  [WellcomeSlidesScreen.java]
&amp#27;[m]]></system-out>
  </testcase>
</testsuite>