<?xml version="1.0" encoding="UTF-8"?>
<!-- Generated by org.testng.reporters.JUnitXMLReporter -->
<testsuite ignored="0" hostname="machine.local" failures="3" tests="18" name="Tests" time="245.696" errors="0" timestamp="2025-09-10T11:23:43 TRT">
  <testcase classname="enuygunautomation.tests.loginpage.LoginScreen" name="firstPartOfLoginSceeenControl" time="6.526"/>
  <testcase classname="enuygunautomation.tests.loginpage.LoginScreen" name="secondPartOfLoginSceeenControl" time="6.549"/>
  <testcase classname="enuygunautomation.tests.loginpage.LoginScreen" name="thirdPartOfLoginSceeenControl" time="6.049"/>
  <testcase classname="enuygunautomation.tests.loginpage.LoginScreen" name="fourthPartOfLoginSceeenControl" time="5.923"/>
  <testcase classname="enuygunautomation.tests.loginpage.LoginScreen" name="passwordHidderButtonFunctionControl" time="8.164"/>
  <testcase classname="enuygunautomation.tests.loginpage.LoginScreen" name="uyeOlmdnDevamEtButtonFunctionControl" time="10.042"/>
  <testcase classname="enuygunautomation.tests.loginpage.LoginScreen" name="sifremiUnuttumButtonFunctionControl" time="7.224"/>
  <testcase classname="enuygunautomation.tests.loginpage.LoginScreen" name="successLoginWithEposta" time="38.166">
    <failure type="org.openqa.selenium.TimeoutException" message="Expected condition failed: waiting for presence of element located by: By.id: com.mobilatolye.android.enuygun:id/image_search_fragment_logo (tried for 30 second(s) with 500 milliseconds interval)">
      <![CDATA[org.openqa.selenium.TimeoutException: Expected condition failed: waiting for presence of element located by: By.id: com.mobilatolye.android.enuygun:id/image_search_fragment_logo (tried for 30 second(s) with 500 milliseconds interval)
at org.openqa.selenium.support.ui.WebDriverWait.timeoutException(WebDriverWait.java:84)
at org.openqa.selenium.support.ui.FluentWait.until(FluentWait.java:228)
at enuygunautomation.helper.WaitHelper.waitedElementUntilPresencable(WaitHelper.java:18)
at enuygunautomation.tests.loginpage.LoginScreen.successLoginWithEposta(LoginScreen.java:267)
at java.base/java.util.ArrayList.forEach(ArrayList.java:1597)
Caused by: org.openqa.selenium.NoSuchElementException: An element could not be located on the page using the given search parameters.
For documentation on this error, please visit: https://www.selenium.dev/documentation/webdriver/troubleshooting/errors#no-such-element-exception
Build info: version: '4.34.0', revision: '707dcb4246*'
System info: os.name: 'Mac OS X', os.arch: 'aarch64', os.version: '15.6', java.version: '22.0.1'
Driver info: io.appium.java_client.android.AndroidDriver
Command: [3e0d14c6-6d3e-4e65-9d22-a5e69a8d9ff3, findElement {using=id, value=com.mobilatolye.android.enuygun:id/image_search_fragment_logo}]
Capabilities {appium:adbExecTimeout: 600000, appium:appActivity: com.mobilatolye.android.enu..., appium:appPackage: com.mobilatolye.android.enu..., appium:appWaitActivity: *, appium:appWaitPackage: com.mobilatolye.android.enu..., appium:autoGrantPermissions: true, appium:automationName: UiAutomator2, appium:databaseEnabled: false, appium:desired: {adbExecTimeout: 600000, appActivity: com.mobilatolye.android.enu..., appPackage: com.mobilatolye.android.enu..., appWaitActivity: *, appWaitPackage: com.mobilatolye.android.enu..., autoGrantPermissions: true, automationName: UiAutomator2, newCommandTimeout: 300, noReset: false, platformName: ANDROID, platformVersion: 16, skipDeviceInitialization: true, skipUnlock: true, udid: emulator-5554, uiautomator2ServerLaunchTimeout: 120000}, appium:deviceApiLevel: 36, appium:deviceManufacturer: Google, appium:deviceModel: sdk_gphone64_arm64, appium:deviceName: emulator-5554, appium:deviceScreenDensity: 440, appium:deviceScreenSize: 1080x2280, appium:deviceUDID: emulator-5554, appium:javascriptEnabled: true, appium:locationContextEnabled: false, appium:networkConnectionEnabled: true, appium:newCommandTimeout: 300, appium:noReset: false, appium:pixelRatio: 2.75, appium:platformVersion: 16, appium:skipDeviceInitialization: true, appium:skipUnlock: true, appium:statBarHeight: 83, appium:takesScreenshot: true, appium:udid: emulator-5554, appium:uiautomator2ServerLaunchTimeout: 120000, appium:viewportRect: {height: 2197, left: 0, top: 83, width: 1080}, appium:warnings: {}, appium:webStorageEnabled: false, platformName: ANDROID}
Session ID: 3e0d14c6-6d3e-4e65-9d22-a5e69a8d9ff3
at org.openqa.selenium.remote.ErrorCodec.decode(ErrorCodec.java:167)
at org.openqa.selenium.remote.codec.w3c.W3CHttpResponseCodec.decode(W3CHttpResponseCodec.java:138)
at org.openqa.selenium.remote.codec.w3c.W3CHttpResponseCodec.decode(W3CHttpResponseCodec.java:50)
at org.openqa.selenium.remote.HttpCommandExecutor.execute(HttpCommandExecutor.java:215)
at io.appium.java_client.remote.AppiumCommandExecutor.execute(AppiumCommandExecutor.java:244)
at org.openqa.selenium.remote.RemoteWebDriver.execute(RemoteWebDriver.java:544)
at org.openqa.selenium.remote.ElementLocation$ElementFinder$2.findElement(ElementLocation.java:165)
at org.openqa.selenium.remote.ElementLocation.findElement(ElementLocation.java:59)
at org.openqa.selenium.remote.RemoteWebDriver.findElement(RemoteWebDriver.java:367)
at org.openqa.selenium.remote.RemoteWebDriver.findElement(RemoteWebDriver.java:361)
at org.openqa.selenium.support.ui.ExpectedConditions$6.apply(ExpectedConditions.java:171)
at org.openqa.selenium.support.ui.ExpectedConditions$6.apply(ExpectedConditions.java:168)
at org.openqa.selenium.support.ui.FluentWait.until(FluentWait.java:203)
... 32 more
... Removed 32 stack frames]]>
    </failure>
  </testcase> <!-- successLoginWithEposta -->
  <testcase classname="enuygunautomation.tests.loginpage.LoginScreen" name="successLoginWithFacebook" time="0.048">
    <failure type="org.openqa.selenium.WebDriverException" message="An unknown server-side error occurred while processing the command. Original error: Potentially insecure feature &amp;apos;adb_shell&amp;apos; has not been enabled. If you want to enable this feature and accept the security ramifications, please do so by following the documented instructions at http://appium.io/docs/en/latest/guides/security/
Build info: version: &amp;apos;4.34.0&amp;apos;, revision: &amp;apos;707dcb4246*&amp;apos;
System info: os.name: &amp;apos;Mac OS X&amp;apos;, os.arch: &amp;apos;aarch64&amp;apos;, os.version: &amp;apos;15.6&amp;apos;, java.version: &amp;apos;22.0.1&amp;apos;
Driver info: io.appium.java_client.android.AndroidDriver
Command: [6bab8f6a-4fac-40c3-9988-a9ab90033363, executeScript {script=mobile: shell, args=[{command=pm clear com.mobilatolye.android.enuygun}]}]
Capabilities {appium:adbExecTimeout: 600000, appium:appActivity: com.mobilatolye.android.enu..., appium:appPackage: com.mobilatolye.android.enu..., appium:appWaitActivity: *, appium:appWaitPackage: com.mobilatolye.android.enu..., appium:autoGrantPermissions: true, appium:automationName: UiAutomator2, appium:databaseEnabled: false, appium:desired: {adbExecTimeout: 600000, appActivity: com.mobilatolye.android.enu..., appPackage: com.mobilatolye.android.enu..., appWaitActivity: *, appWaitPackage: com.mobilatolye.android.enu..., autoGrantPermissions: true, automationName: UiAutomator2, newCommandTimeout: 300, noReset: false, platformName: ANDROID, platformVersion: 16, skipDeviceInitialization: true, skipUnlock: true, udid: emulator-5554, uiautomator2ServerLaunchTimeout: 120000}, appium:deviceApiLevel: 36, appium:deviceManufacturer: Google, appium:deviceModel: sdk_gphone64_arm64, appium:deviceName: emulator-5554, appium:deviceScreenDensity: 440, appium:deviceScreenSize: 1080x2280, appium:deviceUDID: emulator-5554, appium:javascriptEnabled: true, appium:locationContextEnabled: false, appium:networkConnectionEnabled: true, appium:newCommandTimeout: 300, appium:noReset: false, appium:pixelRatio: 2.75, appium:platformVersion: 16, appium:skipDeviceInitialization: true, appium:skipUnlock: true, appium:statBarHeight: 83, appium:takesScreenshot: true, appium:udid: emulator-5554, appium:uiautomator2ServerLaunchTimeout: 120000, appium:viewportRect: {height: 2197, left: 0, top: 83, width: 1080}, appium:warnings: {}, appium:webStorageEnabled: false, platformName: ANDROID}
Session ID: 6bab8f6a-4fac-40c3-9988-a9ab90033363">
      <![CDATA[org.openqa.selenium.WebDriverException: An unknown server-side error occurred while processing the command. Original error: Potentially insecure feature 'adb_shell' has not been enabled. If you want to enable this feature and accept the security ramifications, please do so by following the documented instructions at http://appium.io/docs/en/latest/guides/security/
Build info: version: '4.34.0', revision: '707dcb4246*'
System info: os.name: 'Mac OS X', os.arch: 'aarch64', os.version: '15.6', java.version: '22.0.1'
Driver info: io.appium.java_client.android.AndroidDriver
Command: [6bab8f6a-4fac-40c3-9988-a9ab90033363, executeScript {script=mobile: shell, args=[{command=pm clear com.mobilatolye.android.enuygun}]}]
Capabilities {appium:adbExecTimeout: 600000, appium:appActivity: com.mobilatolye.android.enu..., appium:appPackage: com.mobilatolye.android.enu..., appium:appWaitActivity: *, appium:appWaitPackage: com.mobilatolye.android.enu..., appium:autoGrantPermissions: true, appium:automationName: UiAutomator2, appium:databaseEnabled: false, appium:desired: {adbExecTimeout: 600000, appActivity: com.mobilatolye.android.enu..., appPackage: com.mobilatolye.android.enu..., appWaitActivity: *, appWaitPackage: com.mobilatolye.android.enu..., autoGrantPermissions: true, automationName: UiAutomator2, newCommandTimeout: 300, noReset: false, platformName: ANDROID, platformVersion: 16, skipDeviceInitialization: true, skipUnlock: true, udid: emulator-5554, uiautomator2ServerLaunchTimeout: 120000}, appium:deviceApiLevel: 36, appium:deviceManufacturer: Google, appium:deviceModel: sdk_gphone64_arm64, appium:deviceName: emulator-5554, appium:deviceScreenDensity: 440, appium:deviceScreenSize: 1080x2280, appium:deviceUDID: emulator-5554, appium:javascriptEnabled: true, appium:locationContextEnabled: false, appium:networkConnectionEnabled: true, appium:newCommandTimeout: 300, appium:noReset: false, appium:pixelRatio: 2.75, appium:platformVersion: 16, appium:skipDeviceInitialization: true, appium:skipUnlock: true, appium:statBarHeight: 83, appium:takesScreenshot: true, appium:udid: emulator-5554, appium:uiautomator2ServerLaunchTimeout: 120000, appium:viewportRect: {height: 2197, left: 0, top: 83, width: 1080}, appium:warnings: {}, appium:webStorageEnabled: false, platformName: ANDROID}
Session ID: 6bab8f6a-4fac-40c3-9988-a9ab90033363
at org.openqa.selenium.remote.ErrorCodec.decode(ErrorCodec.java:167)
at org.openqa.selenium.remote.codec.w3c.W3CHttpResponseCodec.decode(W3CHttpResponseCodec.java:138)
at org.openqa.selenium.remote.codec.w3c.W3CHttpResponseCodec.decode(W3CHttpResponseCodec.java:50)
at org.openqa.selenium.remote.HttpCommandExecutor.execute(HttpCommandExecutor.java:215)
at io.appium.java_client.remote.AppiumCommandExecutor.execute(AppiumCommandExecutor.java:244)
at org.openqa.selenium.remote.RemoteWebDriver.execute(RemoteWebDriver.java:544)
at org.openqa.selenium.remote.RemoteWebDriver.executeScript(RemoteWebDriver.java:475)
at enuygunautomation.tests.loginpage.LoginScreen.resetAppWithCleanFacebookLogin(LoginScreen.java:26)
at enuygunautomation.tests.loginpage.LoginScreen.successLoginWithFacebook(LoginScreen.java:281)
at java.base/java.util.ArrayList.forEach(ArrayList.java:1597)
... Removed 32 stack frames]]>
    </failure>
  </testcase> <!-- successLoginWithFacebook -->
  <testcase classname="enuygunautomation.tests.loginpage.LoginScreen" name="emptyEmailAndPasswordWarnings" time="8.08"/>
  <testcase classname="enuygunautomation.tests.loginpage.LoginScreen" name="invalidEmailWarningMessage" time="8.556"/>
  <testcase classname="enuygunautomation.tests.loginpage.LoginScreen" name="invalidPasswordWarningMessage" time="8.217"/>
  <testcase classname="enuygunautomation.tests.loginpage.LoginScreen" name="invalidEmailAndPasswordWarnings" time="10.336"/>
  <testcase classname="enuygunautomation.tests.loginpage.LoginScreen" name="asd" time="0.018">
    <failure type="org.openqa.selenium.WebDriverException" message="An unknown server-side error occurred while processing the command. Original error: Potentially insecure feature &amp;apos;adb_shell&amp;apos; has not been enabled. If you want to enable this feature and accept the security ramifications, please do so by following the documented instructions at http://appium.io/docs/en/latest/guides/security/
Build info: version: &amp;apos;4.34.0&amp;apos;, revision: &amp;apos;707dcb4246*&amp;apos;
System info: os.name: &amp;apos;Mac OS X&amp;apos;, os.arch: &amp;apos;aarch64&amp;apos;, os.version: &amp;apos;15.6&amp;apos;, java.version: &amp;apos;22.0.1&amp;apos;
Driver info: io.appium.java_client.android.AndroidDriver
Command: [c05b6eec-c262-460c-909d-aaeb57b3469f, executeScript {script=mobile: shell, args=[{command=pm clear com.mobilatolye.android.enuygun}]}]
Capabilities {appium:adbExecTimeout: 600000, appium:appActivity: com.mobilatolye.android.enu..., appium:appPackage: com.mobilatolye.android.enu..., appium:appWaitActivity: *, appium:appWaitPackage: com.mobilatolye.android.enu..., appium:autoGrantPermissions: true, appium:automationName: UiAutomator2, appium:databaseEnabled: false, appium:desired: {adbExecTimeout: 600000, appActivity: com.mobilatolye.android.enu..., appPackage: com.mobilatolye.android.enu..., appWaitActivity: *, appWaitPackage: com.mobilatolye.android.enu..., autoGrantPermissions: true, automationName: UiAutomator2, newCommandTimeout: 300, noReset: false, platformName: ANDROID, platformVersion: 16, skipDeviceInitialization: true, skipUnlock: true, udid: emulator-5554, uiautomator2ServerLaunchTimeout: 120000}, appium:deviceApiLevel: 36, appium:deviceManufacturer: Google, appium:deviceModel: sdk_gphone64_arm64, appium:deviceName: emulator-5554, appium:deviceScreenDensity: 440, appium:deviceScreenSize: 1080x2280, appium:deviceUDID: emulator-5554, appium:javascriptEnabled: true, appium:locationContextEnabled: false, appium:networkConnectionEnabled: true, appium:newCommandTimeout: 300, appium:noReset: false, appium:pixelRatio: 2.75, appium:platformVersion: 16, appium:skipDeviceInitialization: true, appium:skipUnlock: true, appium:statBarHeight: 83, appium:takesScreenshot: true, appium:udid: emulator-5554, appium:uiautomator2ServerLaunchTimeout: 120000, appium:viewportRect: {height: 2197, left: 0, top: 83, width: 1080}, appium:warnings: {}, appium:webStorageEnabled: false, platformName: ANDROID}
Session ID: c05b6eec-c262-460c-909d-aaeb57b3469f">
      <![CDATA[org.openqa.selenium.WebDriverException: An unknown server-side error occurred while processing the command. Original error: Potentially insecure feature 'adb_shell' has not been enabled. If you want to enable this feature and accept the security ramifications, please do so by following the documented instructions at http://appium.io/docs/en/latest/guides/security/
Build info: version: '4.34.0', revision: '707dcb4246*'
System info: os.name: 'Mac OS X', os.arch: 'aarch64', os.version: '15.6', java.version: '22.0.1'
Driver info: io.appium.java_client.android.AndroidDriver
Command: [c05b6eec-c262-460c-909d-aaeb57b3469f, executeScript {script=mobile: shell, args=[{command=pm clear com.mobilatolye.android.enuygun}]}]
Capabilities {appium:adbExecTimeout: 600000, appium:appActivity: com.mobilatolye.android.enu..., appium:appPackage: com.mobilatolye.android.enu..., appium:appWaitActivity: *, appium:appWaitPackage: com.mobilatolye.android.enu..., appium:autoGrantPermissions: true, appium:automationName: UiAutomator2, appium:databaseEnabled: false, appium:desired: {adbExecTimeout: 600000, appActivity: com.mobilatolye.android.enu..., appPackage: com.mobilatolye.android.enu..., appWaitActivity: *, appWaitPackage: com.mobilatolye.android.enu..., autoGrantPermissions: true, automationName: UiAutomator2, newCommandTimeout: 300, noReset: false, platformName: ANDROID, platformVersion: 16, skipDeviceInitialization: true, skipUnlock: true, udid: emulator-5554, uiautomator2ServerLaunchTimeout: 120000}, appium:deviceApiLevel: 36, appium:deviceManufacturer: Google, appium:deviceModel: sdk_gphone64_arm64, appium:deviceName: emulator-5554, appium:deviceScreenDensity: 440, appium:deviceScreenSize: 1080x2280, appium:deviceUDID: emulator-5554, appium:javascriptEnabled: true, appium:locationContextEnabled: false, appium:networkConnectionEnabled: true, appium:newCommandTimeout: 300, appium:noReset: false, appium:pixelRatio: 2.75, appium:platformVersion: 16, appium:skipDeviceInitialization: true, appium:skipUnlock: true, appium:statBarHeight: 83, appium:takesScreenshot: true, appium:udid: emulator-5554, appium:uiautomator2ServerLaunchTimeout: 120000, appium:viewportRect: {height: 2197, left: 0, top: 83, width: 1080}, appium:warnings: {}, appium:webStorageEnabled: false, platformName: ANDROID}
Session ID: c05b6eec-c262-460c-909d-aaeb57b3469f
at org.openqa.selenium.remote.ErrorCodec.decode(ErrorCodec.java:167)
at org.openqa.selenium.remote.codec.w3c.W3CHttpResponseCodec.decode(W3CHttpResponseCodec.java:138)
at org.openqa.selenium.remote.codec.w3c.W3CHttpResponseCodec.decode(W3CHttpResponseCodec.java:50)
at org.openqa.selenium.remote.HttpCommandExecutor.execute(HttpCommandExecutor.java:215)
at io.appium.java_client.remote.AppiumCommandExecutor.execute(AppiumCommandExecutor.java:244)
at org.openqa.selenium.remote.RemoteWebDriver.execute(RemoteWebDriver.java:544)
at org.openqa.selenium.remote.RemoteWebDriver.executeScript(RemoteWebDriver.java:475)
at enuygunautomation.tests.loginpage.LoginScreen.resetAppWithCleanFacebookLogin(LoginScreen.java:26)
at enuygunautomation.tests.loginpage.LoginScreen.asd(LoginScreen.java:532)
at java.base/java.util.ArrayList.forEach(ArrayList.java:1597)
... Removed 32 stack frames]]>
    </failure>
  </testcase> <!-- asd -->
  <testcase classname="enuygunautomation.tests.loginpage.LoginScreen" name="successLoginWithGoogle" time="14.344"/>
  <testcase classname="enuygunautomation.tests.welcomeslides.WellcomeSlidesScreen" name="wellcomeSlidesControll" time="9.308"/>
  <testcase classname="enuygunautomation.tests.welcomeslides.WellcomeSlidesScreen" name="allowNotificationButtonAction" time="13.742"/>
  <testcase classname="enuygunautomation.tests.welcomeslides.WellcomeSlidesScreen" name="remindMeLaterButtonAction" time="14.374"/>
</testsuite> <!-- Tests -->
